2024-11-11T12:40:02.247Z info: Server is running on port 8080
2024-11-11T12:40:26.910Z info: Server is running on port 8080
2024-11-11T12:40:36.081Z info: Incoming request: GET /aggregate?location=Delhi
2024-11-11T12:40:36.082Z info: Received request for aggregate data with location: Delhi and currency: undefined
2024-11-11T12:40:36.083Z info: Fetching weather data for location: Delhi, attempt 1
2024-11-11T12:40:36.206Z info: Fetching exchange rates, attempt 1
2024-11-11T12:40:36.516Z info: Successfully fetched weather data for location: Delhi
2024-11-11T12:40:37.172Z info: Successfully fetched exchange rates: {"disclaimer":"Usage subject to terms: https://openexchangerates.org/terms","license":"https://openexchangerates.org/license","timestamp":1731326400,"base":"USD","rates":{"AED":3.672995,"AFN":68.368494,"ALL":91.604908,"AMD":388.790519,"ANG":1.812975,"AOA":911.350333,"ARS":993.749658,"AUD":1.518508,"AWG":1.8,"AZN":1.7,"BAM":1.824415,"BBD":2,"BDT":120.203513,"BGN":1.83062,"BHD":0.376883,"BIF":2969.972205,"BMD":1,"BND":1.329577,"BOB":6.96619,"BRL":5.796763,"BSD":1,"BTC":0.000012159893,"BTN":84.841705,"BWP":13.34148,"BYN":3.291993,"BZD":2.027621,"CAD":1.392723,"CDF":2875.90087,"CHF":0.879406,"CLF":0.035078,"CLP":968.21,"CNH":7.219108,"CNY":7.1989,"COP":4353.346582,"CRC":514.549731,"CUC":1,"CUP":25.75,"CVE":102.856743,"CZK":23.7332,"DJF":179.133336,"DKK":6.994103,"DOP":60.578072,"DZD":133.819695,"EGP":49.2402,"ERN":15,"ETB":124.546937,"EUR":0.937862,"FJD":2.2538,"FKP":0.776044,"GBP":0.776044,"GEL":2.72,"GGP":0.776044,"GHS":16.496816,"GIP":0.776044,"GMD":71.5,"GNF":8671.860242,"GTQ":7.773581,"GYD":210.450245,"HKD":7.774452,"HNL":25.380715,"HRK":7.067113,"HTG":132.370029,"HUF":383.554782,"IDR":15699.804105,"ILS":3.734257,"IMP":0.776044,"INR":84.382203,"IQD":1317.71785,"IRR":42092.5,"ISK":139.28,"JEP":0.776044,"JMD":159.598148,"JOD":0.7092,"JPY":153.75692857,"KES":129,"KGS":86.2,"KHR":4084.917017,"KMF":460.375394,"KPW":900,"KRW":1396.789924,"KWD":0.30717,"KYD":0.83825,"KZT":495.197947,"LAK":22077.53098,"LBP":90065.421248,"LKR":294.301808,"LRD":189.865118,"LSL":17.60372,"LYD":4.881552,"MAD":9.933631,"MDL":18.041129,"MGA":4653.921507,"MKD":57.704573,"MMK":2098,"MNT":3398,"MOP":8.054533,"MRU":40.075747,"MUR":46.76,"MVR":15.45,"MWK":1744.31785,"MXN":20.409693,"MYR":4.41,"MZN":63.899993,"NAD":17.60372,"NGN":1680.55,"NIO":37.015441,"NOK":11.048795,"NPR":135.791689,"NZD":1.675343,"OMR":0.38502,"PAB":1,"PEN":3.773175,"PGK":4.038303,"PHP":58.626497,"PKR":279.336685,"PLN":4.07184,"PYG":7865.842682,"QAR":3.65121,"RON":4.6658,"RSD":109.727,"RUB":97.925057,"RWF":1378.915675,"SAR":3.756172,"SBD":8.340754,"SCR":13.425094,"SDG":601.5,"SEK":10.865115,"SGD":1.331825,"SHP":0.776044,"SLL":20969.5,"SOS":574.903821,"SRD":34.97,"SSP":130.26,"STD":22281.8,"STN":22.854797,"SVC":8.802198,"SYP":2512.53,"SZL":17.598963,"THB":34.3875,"TJS":10.689514,"TMT":3.51,"TND":3.120583,"TOP":2.38041,"TRY":34.33872,"TTD":6.835853,"TWD":32.367999,"TZS":2660,"UAH":41.528272,"UGX":3681.819808,"USD":1,"UYU":41.742342,"UZS":12862.72878,"VES":44.623245,"VND":25326.083345,"VUV":118.722,"WST":2.8,"XAF":615.197115,"XAG":0.03192084,"XAU":0.00037556,"XCD":2.70255,"XDR":0.754201,"XOF":615.197115,"XPD":0.00101227,"XPF":111.916701,"XPT":0.00102546,"YER":249.824936,"ZAR":17.825742,"ZMW":27.386322,"ZWL":322}}
2024-11-11T12:40:37.178Z info: Successfully fetched and cached aggregate data for aggregateData_Delhi_undefined
2024-11-11T12:40:37.199Z info: Response status for GET /aggregate?location=Delhi: 200
2024-11-11T12:42:04.753Z info: Server is running on port 8080
2024-11-11T12:42:11.848Z info: Incoming request: GET /aggregate?location=Delhi
2024-11-11T12:42:11.849Z info: Received request for aggregate data with location: Delhi and currency: undefined
2024-11-11T12:42:11.850Z info: Fetching weather data for location: Delhi, attempt 1
2024-11-11T12:42:11.918Z info: Fetching exchange rates, attempt 1
2024-11-11T12:42:12.299Z info: Successfully fetched weather data for location: Delhi
2024-11-11T12:42:12.922Z info: Fetching exchange rates, attempt 1
2024-11-11T12:42:13.681Z info: Fetching exchange rates, attempt 1
2024-11-11T12:42:14.378Z info: Fetching exchange rates, attempt 1
2024-11-11T12:42:15.064Z info: Fetching exchange rates, attempt 1
2024-11-11T12:42:15.776Z info: Fetching exchange rates, attempt 1
2024-11-11T12:42:16.473Z info: Fetching exchange rates, attempt 1
2024-11-11T12:42:17.461Z info: Fetching exchange rates, attempt 1
2024-11-11T12:42:18.176Z info: Fetching exchange rates, attempt 1
2024-11-11T12:42:18.885Z info: Fetching exchange rates, attempt 1
2024-11-11T12:42:19.585Z info: Fetching exchange rates, attempt 1
2024-11-11T12:42:21.467Z info: Fetching exchange rates, attempt 1
2024-11-11T12:42:22.192Z info: Fetching exchange rates, attempt 1
2024-11-11T12:42:22.920Z info: Fetching exchange rates, attempt 1
2024-11-11T12:42:23.641Z info: Fetching exchange rates, attempt 1
2024-11-11T12:42:24.355Z info: Fetching exchange rates, attempt 1
2024-11-11T12:42:25.037Z info: Fetching exchange rates, attempt 1
2024-11-11T12:42:25.723Z info: Fetching exchange rates, attempt 1
2024-11-11T12:42:26.475Z info: Fetching exchange rates, attempt 1
2024-11-11T12:42:27.195Z info: Fetching exchange rates, attempt 1
2024-11-11T12:42:29.549Z info: Fetching exchange rates, attempt 1
2024-11-11T12:42:30.253Z info: Fetching exchange rates, attempt 1
2024-11-11T12:42:30.957Z info: Fetching exchange rates, attempt 1
2024-11-11T12:42:31.637Z info: Fetching exchange rates, attempt 1
2024-11-11T12:42:32.348Z info: Fetching exchange rates, attempt 1
2024-11-11T12:42:33.077Z info: Fetching exchange rates, attempt 1
2024-11-11T12:42:33.871Z info: Fetching exchange rates, attempt 1
2024-11-11T12:42:34.570Z info: Fetching exchange rates, attempt 1
2024-11-11T12:42:35.256Z info: Fetching exchange rates, attempt 1
2024-11-11T12:42:35.957Z info: Fetching exchange rates, attempt 1
2024-11-11T12:42:36.633Z info: Fetching exchange rates, attempt 1
2024-11-11T12:42:37.462Z info: Fetching exchange rates, attempt 1
2024-11-11T12:42:38.188Z info: Fetching exchange rates, attempt 1
2024-11-11T12:42:38.899Z info: Fetching exchange rates, attempt 1
2024-11-11T12:42:39.588Z info: Fetching exchange rates, attempt 1
2024-11-11T12:42:40.306Z info: Fetching exchange rates, attempt 1
2024-11-11T12:42:41.026Z info: Fetching exchange rates, attempt 1
2024-11-11T12:42:41.702Z info: Fetching exchange rates, attempt 1
2024-11-11T12:42:42.426Z info: Fetching exchange rates, attempt 1
2024-11-11T12:42:43.136Z info: Fetching exchange rates, attempt 1
2024-11-11T12:42:45.483Z info: Fetching exchange rates, attempt 1
2024-11-11T12:42:46.238Z info: Fetching exchange rates, attempt 1
2024-11-11T12:42:46.956Z info: Fetching exchange rates, attempt 1
2024-11-11T12:42:47.639Z info: Fetching exchange rates, attempt 1
2024-11-11T12:42:49.415Z info: Fetching exchange rates, attempt 1
2024-11-11T12:42:50.106Z info: Fetching exchange rates, attempt 1
2024-11-11T12:42:50.932Z info: Server is running on port 8080
2024-11-11T12:42:57.846Z info: Incoming request: GET /aggregate?location=Delhi
2024-11-11T12:42:57.847Z info: Received request for aggregate data with location: Delhi and currency: undefined
2024-11-11T12:42:57.849Z info: Fetching weather data for location: Delhi, attempt 1
2024-11-11T12:42:57.908Z info: Fetching exchange rates, attempt 1
2024-11-11T12:42:58.197Z info: Successfully fetched weather data for location: Delhi
2024-11-11T12:42:58.896Z info: Successfully fetched and cached aggregate data for aggregateData_Delhi_undefined
2024-11-11T12:42:58.904Z info: Response status for GET /aggregate?location=Delhi: 200
2024-11-11T17:36:15.487Z info: Server is running on port 8080
2024-11-12T04:23:14.228Z info: Server is running on port 8080
2024-11-12T06:33:04.582Z info: Server is running on port 8080
2024-11-12T06:33:29.406Z info: Incoming request: GET /aggregate?location=Delhi
2024-11-12T06:34:22.968Z info: Incoming request: GET /aggregate?location=Delhi
2024-11-12T06:34:32.530Z info: Incoming request: GET /aggregate
2024-11-12T06:34:47.477Z info: Incoming request: GET /aggregate
2024-11-12T06:36:09.511Z info: Incoming request: GET /aggregate
2024-11-12T06:36:45.924Z info: Server is running on port 8080
2024-11-12T06:36:52.357Z info: Incoming request: GET /aggregate
2024-11-12T06:37:34.276Z info: Server is running on port 8080
2024-11-12T06:37:39.694Z info: Incoming request: GET /aggregate
2024-11-12T06:39:31.856Z info: Server is running on port 8080
2024-11-12T06:39:38.790Z info: Incoming request: GET /aggregate
2024-11-12T06:39:38.792Z info: Received request for aggregate data with location: Mumbai and currency: undefined
2024-11-12T06:39:38.794Z info: Fetching weather data for location: Mumbai, attempt 1
2024-11-12T06:39:38.918Z info: Fetching exchange rates, attempt 1
2024-11-12T06:39:39.229Z info: Successfully fetched weather data for location: Mumbai
2024-11-12T06:39:39.908Z info: Successfully fetched and cached aggregate data for aggregateData_Mumbai_undefined
2024-11-12T06:39:39.922Z info: Response status for GET /aggregate: 200
2024-11-12T06:39:55.224Z info: Incoming request: GET /aggregate?location=Delhi
2024-11-12T06:39:55.226Z info: Received request for aggregate data with location: Delhi and currency: undefined
2024-11-12T06:39:55.227Z info: Fetching weather data for location: Delhi, attempt 1
2024-11-12T06:39:55.236Z info: Fetching exchange rates, attempt 1
2024-11-12T06:39:55.514Z info: Successfully fetched weather data for location: Delhi
2024-11-12T06:39:56.121Z info: Successfully fetched and cached aggregate data for aggregateData_Delhi_undefined
2024-11-12T06:39:56.125Z info: Response status for GET /aggregate?location=Delhi: 200
2024-11-12T06:40:13.427Z info: Incoming request: GET /aggregate?location=Delhi&currency=INR
2024-11-12T06:40:13.428Z info: Received request for aggregate data with location: Delhi and currency: INR
2024-11-12T06:40:13.429Z info: Fetching weather data for location: Delhi, attempt 1
2024-11-12T06:40:13.434Z info: Fetching exchange rates, attempt 1
2024-11-12T06:40:13.730Z info: Successfully fetched weather data for location: Delhi
2024-11-12T06:40:15.818Z info: Successfully fetched and cached aggregate data for aggregateData_Delhi_INR
2024-11-12T06:40:15.820Z info: Response status for GET /aggregate?location=Delhi&currency=INR: 200
2024-11-12T06:40:21.176Z info: Incoming request: GET /aggregate?location=Delhi&currency=INR
2024-11-12T06:40:21.177Z info: Received request for aggregate data with location: Delhi and currency: INR
2024-11-12T06:40:21.178Z info: Cache hit for aggregateData_Delhi_INR
2024-11-12T06:40:21.180Z info: Response status for GET /aggregate?location=Delhi&currency=INR: 200
2024-11-12T06:40:22.672Z info: Incoming request: GET /aggregate?location=Delhi&currency=INR
2024-11-12T06:40:22.673Z info: Received request for aggregate data with location: Delhi and currency: INR
2024-11-12T06:40:22.674Z info: Cache hit for aggregateData_Delhi_INR
2024-11-12T06:40:22.678Z info: Response status for GET /aggregate?location=Delhi&currency=INR: 200
2024-11-12T06:40:23.915Z info: Incoming request: GET /aggregate?location=Delhi&currency=INR
2024-11-12T06:40:23.916Z info: Received request for aggregate data with location: Delhi and currency: INR
2024-11-12T06:40:23.917Z info: Cache hit for aggregateData_Delhi_INR
2024-11-12T06:40:23.919Z info: Response status for GET /aggregate?location=Delhi&currency=INR: 200
2024-11-12T06:40:25.432Z info: Incoming request: GET /aggregate?location=Delhi&currency=INR
2024-11-12T06:40:25.434Z info: Received request for aggregate data with location: Delhi and currency: INR
2024-11-12T06:40:25.434Z info: Cache hit for aggregateData_Delhi_INR
2024-11-12T06:40:25.439Z info: Response status for GET /aggregate?location=Delhi&currency=INR: 200
2024-11-12T07:10:57.626Z info: Server is running on port 8080
2024-11-12T07:11:16.285Z info: Incoming request: GET /aggregate?location=Delhi&currency=INR
2024-11-12T07:11:16.286Z info: Received request for aggregate data with location: Delhi and currency: INR
2024-11-12T07:11:16.287Z info: Fetching weather data for location: Delhi, attempt 1
2024-11-12T07:11:16.397Z info: Fetching exchange rates, attempt 1
2024-11-12T07:11:16.711Z info: Successfully fetched weather data for location: Delhi
2024-11-12T07:11:17.401Z info: Successfully fetched and cached aggregate data for aggregateData_Delhi_INR
2024-11-12T07:11:17.431Z info: Response status for GET /aggregate?location=Delhi&currency=INR: 200
2024-11-12T07:11:24.837Z info: Incoming request: GET /aggregate?location=Delhi&currency=INR
2024-11-12T07:11:24.838Z info: Received request for aggregate data with location: Delhi and currency: INR
2024-11-12T07:11:24.838Z info: Cache hit for aggregateData_Delhi_INR
2024-11-12T07:11:24.840Z info: Response status for GET /aggregate?location=Delhi&currency=INR: 200
2024-11-12T07:11:26.218Z info: Incoming request: GET /aggregate?location=Delhi&currency=INR
2024-11-12T07:11:26.219Z info: Received request for aggregate data with location: Delhi and currency: INR
2024-11-12T07:11:26.219Z info: Cache hit for aggregateData_Delhi_INR
2024-11-12T07:11:26.220Z info: Response status for GET /aggregate?location=Delhi&currency=INR: 200
2024-11-12T07:11:27.468Z info: Incoming request: GET /aggregate?location=Delhi&currency=INR
2024-11-12T07:11:27.469Z info: Received request for aggregate data with location: Delhi and currency: INR
2024-11-12T07:11:27.470Z info: Cache hit for aggregateData_Delhi_INR
2024-11-12T07:11:27.470Z info: Response status for GET /aggregate?location=Delhi&currency=INR: 200
2024-11-12T07:12:05.520Z info: Server is running on port 8080
